{"meta": {"format": 3, "version": "7.13.3", "timestamp": "2026-09-16T22:56:31.511111", "branch_coverage": true, "show_contexts": false}, "files": {"proof/grade.py": {"executed_lines": [9, 10, 11, 12, 13, 14, 15, 16, 17, 19, 20, 21, 24, 25, 26, 27, 28, 29, 30, 31, 32, 33, 34, 35, 36, 37, 38, 39, 40, 41, 42, 43, 44, 45, 48, 49, 50, 53, 54, 55, 56, 57, 60, 61, 62, 63, 66, 72, 73, 74, 75, 76, 77, 78, 79, 81, 83, 84, 85, 86, 87, 93, 99, 100, 101, 103, 105, 106, 107, 108, 109, 110, 111, 112, 113, 115, 116, 117, 118, 119, 120, 121, 122, 123, 124, 125, 126, 127, 128, 129, 130, 131, 132, 133, 134, 135, 137, 138, 139, 140, 141, 142, 143, 144, 145, 146, 148, 149, 150, 151, 152, 153, 154, 155, 156, 157, 158, 159, 160, 161, 162, 163, 164, 165, 166, 167, 168, 169, 170, 173, 174, 175, 176, 177, 178, 179, 180, 181, 182, 183, 184, 185, 186, 187, 188, 189, 190, 191, 193, 194, 195, 196, 201, 202, 203, 228, 243], "summary": {"covered_lines": 157, "num_statements": 179, "percent_covered": 88.19188191881919, "percent_covered_display": "88", "missing_lines": 22, "excluded_lines": 0, "percent_statements_covered": 87.70949720670392, "percent_statements_covered_display": "88", "num_branches": 92, "num_partial_branches": 8, "covered_branches": 82, "missing_branches": 10, "percent_branches_covered": 89.1304347826087, "percent_branches_covered_display": "89"}, "missing_lines": [80, 82, 88, 89, 90, 102, 104, 114, 136, 229, 230, 231, 232, 233, 234, 235, 236, 237, 238, 239, 240, 244], "excluded_lines": [], "executed_branches": [[25, 26], [25, 27], [29, 30], [29, 33], [30, 31], [30, 32], [38, 39], [38, 40], [40, 41], [40, 42], [42, -37], [42, 43], [55, 56], [55, 57], [62, -60], [62, 63], [73, 74], [73, 75], [77, 78], [77, 81], [79, 77], [81, 83], [83, 84], [83, 85], [86, 87], [101, 103], [103, 105], [110, 111], [110, 112], [112, 113], [112, 119], [113, 115], [115, 116], [115, 117], [117, 112], [117, 118], [120, 121], [120, 122], [125, 126], [125, 138], [129, 130], [129, 131], [133, 134], [133, 135], [135, 137], [141, 142], [141, 201], [145, 146], [145, 148], [148, 149], [148, 151], [149, 148], [149, 150], [151, 152], [151, 153], [154, 155], [154, 156], [156, 157], [156, 158], [158, 159], [158, 160], [160, 161], [160, 162], [162, 163], [162, 164], [164, 165], [164, 166], [166, 167], [166, 168], [170, 173], [170, 182], [173, 174], [173, 176], [182, 183], [182, 184], [188, 189], [188, 193], [190, 191], [190, 196], [194, 195], [194, 196], [243, -1]], "missing_branches": [[79, 80], [81, 82], [86, 88], [88, 89], [88, 90], [101, 102], [103, 104], [113, 114], [135, 136], [243, 244]], "functions": {"strict_json": {"executed_lines": [25, 26, 27, 34, 36, 37, 44, 45], "summary": {"covered_lines": 8, "num_statements": 8, "percent_covered": 100.0, "percent_covered_display": "100", "missing_lines": 0, "excluded_lines": 0, "percent_statements_covered": 100.0, "percent_statements_covered_display": "100", "num_branches": 2, "num_partial_branches": 0, "covered_branches": 2, "missing_branches": 0, "percent_branches_covered": 100.0, "percent_branches_covered_display": "100"}, "missing_lines": [], "excluded_lines": [], "start_line": 24, "executed_branches": [[25, 26], [25, 27]], "missing_branches": []}, "strict_json.pairs": {"executed_lines": [28, 29, 30, 31, 32, 33], "summary": {"covered_lines": 6, "num_statements": 6, "percent_covered": 100.0, "percent_covered_display": "100", "missing_lines": 0, "excluded_lines": 0, "percent_statements_covered": 100.0, "percent_statements_covered_display": "100", "num_branches": 4, "num_partial_branches": 0, "covered_branches": 4, "missing_branches": 0, "percent_branches_covered": 100.0, "percent_branches_covered_display": "100"}, "missing_lines": [], "excluded_lines": [], "start_line": 27, "executed_branches": [[29, 30], [29, 33], [30, 31], [30, 32]], "missing_branches": []}, "strict_json.bad_constant": {"executed_lines": [35], "summary": {"covered_lines": 1, "num_statements": 1, "percent_covered": 100.0, "percent_covered_display": "100", "missing_lines": 0, "excluded_lines": 0, "percent_statements_covered": 100.0, "percent_statements_covered_display": "100", "num_branches": 0, "num_partial_branches": 0, "covered_branches": 0, "missing_branches": 0, "percent_branches_covered": 100.0, "percent_branches_covered_display": "100"}, "missing_lines": [], "excluded_lines": [], "start_line": 34, "executed_branches": [], "missing_branches": []}, "strict_json.finite": {"executed_lines": [38, 39, 40, 41, 42, 43], "summary": {"covered_lines": 6, "num_statements": 6, "percent_covered": 100.0, "percent_covered_display": "100", "missing_lines": 0, "excluded_lines": 0, "percent_statements_covered": 100.0, "percent_statements_covered_display": "100", "num_branches": 6, "num_partial_branches": 0, "covered_branches": 6, "missing_branches": 0, "percent_branches_covered": 100.0, "percent_branches_covered_display": "100"}, "missing_lines": [], "excluded_lines": [], "start_line": 37, "executed_branches": [[38, 39], [38, 40], [40, 41], [40, 42], [42, -37], [42, 43]], "missing_branches": []}, "validate_schema": {"executed_lines": [49, 50], "summary": {"covered_lines": 2, "num_statements": 2, "percent_covered": 100.0, "percent_covered_display": "100", "missing_lines": 0, "excluded_lines": 0, "percent_statements_covered": 100.0, "percent_statements_covered_display": "100", "num_branches": 0, "num_partial_branches": 0, "covered_branches": 0, "missing_branches": 0, "percent_branches_covered": 100.0, "percent_branches_covered_display": "100"}, "missing_lines": [], "excluded_lines": [], "start_line": 48, "executed_branches": [], "missing_branches": []}, "utc": {"executed_lines": [54, 55, 56, 57], "summary": {"covered_lines": 4, "num_statements": 4, "percent_covered": 100.0, "percent_covered_display": "100", "missing_lines": 0, "excluded_lines": 0, "percent_statements_covered": 100.0, "percent_statements_covered_display": "100", "num_branches": 2, "num_partial_branches": 0, "covered_branches": 2, "missing_branches": 0, "percent_branches_covered": 100.0, "percent_branches_covered_display": "100"}, "missing_lines": [], "excluded_lines": [], "start_line": 53, "executed_branches": [[55, 56], [55, 57]], "missing_branches": []}, "unique": {"executed_lines": [61, 62, 63], "summary": {"covered_lines": 3, "num_statements": 3, "percent_covered": 100.0, "percent_covered_display": "100", "missing_lines": 0, "excluded_lines": 0, "percent_statements_covered": 100.0, "percent_statements_covered_display": "100", "num_branches": 2, "num_partial_branches": 0, "covered_branches": 2, "missing_branches": 0, "percent_branches_covered": 100.0, "percent_branches_covered_display": "100"}, "missing_lines": [], "excluded_lines": [], "start_line": 60, "executed_branches": [[62, -60], [62, 63]], "missing_branches": []}, "secure_payload": {"executed_lines": [72, 73, 74, 75, 76, 77, 78, 79, 81, 83, 84, 85, 86, 87], "summary": {"covered_lines": 14, "num_statements": 19, "percent_covered": 69.6969696969697, "percent_covered_display": "70", "missing_lines": 5, "excluded_lines": 0, "percent_statements_covered": 73.6842105263158, "percent_statements_covered_display": "74", "num_branches": 14, "num_partial_branches": 3, "covered_branches": 9, "missing_branches": 5, "percent_branches_covered": 64.28571428571429, "percent_branches_covered_display": "64"}, "missing_lines": [80, 82, 88, 89, 90], "excluded_lines": [], "start_line": 66, "executed_branches": [[73, 74], [73, 75], [77, 78], [77, 81], [79, 77], [81, 83], [83, 84], [83, 85], [86, 87]], "missing_branches": [[79, 80], [81, 82], [86, 88], [88, 89], [88, 90]]}, "grade": {"executed_lines": [99, 100, 101, 103, 105, 106, 107, 108, 109, 110, 111, 112, 113, 115, 116, 117, 118, 119, 120, 121, 122, 123, 124, 125, 126, 127, 128, 129, 130, 131, 132, 133, 134, 135, 137, 138, 139, 140, 141, 142, 143, 144, 145, 146, 148, 149, 150, 151, 152, 153, 154, 155, 156, 157, 158, 159, 160, 161, 162, 163, 164, 165, 166, 167, 168, 169, 170, 173, 174, 175, 176, 177, 178, 179, 180, 181, 182, 183, 184, 185, 186, 187, 188, 189, 190, 191, 193, 194, 195, 196, 201, 202, 203], "summary": {"covered_lines": 93, "num_statements": 97, "percent_covered": 94.90445859872611, "percent_covered_display": "95", "missing_lines": 4, "excluded_lines": 0, "percent_statements_covered": 95.87628865979381, "percent_statements_covered_display": "96", "num_branches": 60, "num_partial_branches": 4, "covered_branches": 56, "missing_branches": 4, "percent_branches_covered": 93.33333333333333, "percent_branches_covered_display": "93"}, "missing_lines": [102, 104, 114, 136], "excluded_lines": [], "start_line": 93, "executed_branches": [[101, 103], [103, 105], [110, 111], [110, 112], [112, 113], [112, 119], [113, 115], [115, 116], [115, 117], [117, 112], [117, 118], [120, 121], [120, 122], [125, 126], [125, 138], [129, 130], [129, 131], [133, 134], [133, 135], [135, 137], [141, 142], [141, 201], [145, 146], [145, 148], [148, 149], [148, 151], [149, 148], [149, 150], [151, 152], [151, 153], [154, 155], [154, 156], [156, 157], [156, 158], [158, 159], [158, 160], [160, 161], [160, 162], [162, 163], [162, 164], [164, 165], [164, 166], [166, 167], [166, 168], [170, 173], [170, 182], [173, 174], [173, 176], [182, 183], [182, 184], [188, 189], [188, 193], [190, 191], [190, 196], [194, 195], [194, 196]], "missing_branches": [[101, 102], [103, 104], [113, 114], [135, 136]]}, "main": {"executed_lines": [], "summary": {"covered_lines": 0, "num_statements": 12, "percent_covered": 0.0, "percent_covered_display": "0", "missing_lines": 12, "excluded_lines": 0, "percent_statements_covered": 0.0, "percent_statements_covered_display": "0", "num_branches": 0, "num_partial_branches": 0, "covered_branches": 0, "missing_branches": 0, "percent_branches_covered": 100.0, "percent_branches_covered_display": "100"}, "missing_lines": [229, 230, 231, 232, 233, 234, 235, 236, 237, 238, 239, 240], "excluded_lines": [], "start_line": 228, "executed_branches": [], "missing_branches": []}, "": {"executed_lines": [9, 10, 11, 12, 13, 14, 15, 16, 17, 19, 20, 21, 24, 48, 53, 60, 66, 93, 228, 243], "summary": {"covered_lines": 20, "num_statements": 21, "percent_covered": 91.30434782608695, "percent_covered_display": "91", "missing_lines": 1, "excluded_lines": 0, "percent_statements_covered": 95.23809523809524, "percent_statements_covered_display": "95", "num_branches": 2, "num_partial_branches": 1, "covered_branches": 1, "missing_branches": 1, "percent_branches_covered": 50.0, "percent_branches_covered_display": "50"}, "missing_lines": [244], "excluded_lines": [], "start_line": 1, "executed_branches": [[243, -1]], "missing_branches": [[243, 244]]}}, "classes": {"": {"executed_lines": [9, 10, 11, 12, 13, 14, 15, 16, 17, 19, 20, 21, 24, 25, 26, 27, 28, 29, 30, 31, 32, 33, 34, 35, 36, 37, 38, 39, 40, 41, 42, 43, 44, 45, 48, 49, 50, 53, 54, 55, 56, 57, 60, 61, 62, 63, 66, 72, 73, 74, 75, 76, 77, 78, 79, 81, 83, 84, 85, 86, 87, 93, 99, 100, 101, 103, 105, 106, 107, 108, 109, 110, 111, 112, 113, 115, 116, 117, 118, 119, 120, 121, 122, 123, 124, 125, 126, 127, 128, 129, 130, 131, 132, 133, 134, 135, 137, 138, 139, 140, 141, 142, 143, 144, 145, 146, 148, 149, 150, 151, 152, 153, 154, 155, 156, 157, 158, 159, 160, 161, 162, 163, 164, 165, 166, 167, 168, 169, 170, 173, 174, 175, 176, 177, 178, 179, 180, 181, 182, 183, 184, 185, 186, 187, 188, 189, 190, 191, 193, 194, 195, 196, 201, 202, 203, 228, 243], "summary": {"covered_lines": 157, "num_statements": 179, "percent_covered": 88.19188191881919, "percent_covered_display": "88", "missing_lines": 22, "excluded_lines": 0, "percent_statements_covered": 87.70949720670392, "percent_statements_covered_display": "88", "num_branches": 92, "num_partial_branches": 8, "covered_branches": 82, "missing_branches": 10, "percent_branches_covered": 89.1304347826087, "percent_branches_covered_display": "89"}, "missing_lines": [80, 82, 88, 89, 90, 102, 104, 114, 136, 229, 230, 231, 232, 233, 234, 235, 236, 237, 238, 239, 240, 244], "excluded_lines": [], "start_line": 1, "executed_branches": [[25, 26], [25, 27], [29, 30], [29, 33], [30, 31], [30, 32], [38, 39], [38, 40], [40, 41], [40, 42], [42, -37], [42, 43], [55, 56], [55, 57], [62, -60], [62, 63], [73, 74], [73, 75], [77, 78], [77, 81], [79, 77], [81, 83], [83, 84], [83, 85], [86, 87], [101, 103], [103, 105], [110, 111], [110, 112], [112, 113], [112, 119], [113, 115], [115, 116], [115, 117], [117, 112], [117, 118], [120, 121], [120, 122], [125, 126], [125, 138], [129, 130], [129, 131], [133, 134], [133, 135], [135, 137], [141, 142], [141, 201], [145, 146], [145, 148], [148, 149], [148, 151], [149, 148], [149, 150], [151, 152], [151, 153], [154, 155], [154, 156], [156, 157], [156, 158], [158, 159], [158, 160], [160, 161], [160, 162], [162, 163], [162, 164], [164, 165], [164, 166], [166, 167], [166, 168], [170, 173], [170, 182], [173, 174], [173, 176], [182, 183], [182, 184], [188, 189], [188, 193], [190, 191], [190, 196], [194, 195], [194, 196], [243, -1]], "missing_branches": [[79, 80], [81, 82], [86, 88], [88, 89], [88, 90], [101, 102], [103, 104], [113, 114], [135, 136], [243, 244]]}}}}, "totals": {"covered_lines": 157, "num_statements": 179, "percent_covered": 88.19188191881919, "percent_covered_display": "88", "missing_lines": 22, "excluded_lines": 0, "percent_statements_covered": 87.70949720670392, "percent_statements_covered_display": "88", "num_branches": 92, "num_partial_branches": 8, "covered_branches": 82, "missing_branches": 10, "percent_branches_covered": 89.1304347826087, "percent_branches_covered_display": "89"}}